<?xml version="1.0" encoding="UTF-8"?>
<!-- Generated by org.testng.reporters.JUnitXMLReporter -->
<testsuite ignored="0" hostname="LAPTOP-5FIV7N01" failures="0" tests="4" name="Chrome Browser" time="191.448" errors="0" timestamp="04 Aug 2024 15:03:34 GMT">
  <testcase classname="aa.aa1.WebTests.TestHomePage" name="navigatetoHomeLogtestinPage3" time="31.441"/>
  <testcase classname="aa.aa1.WebTests.TestHomePage" name="verifyHomePageElements" time="16.895"/>
  <testcase classname="aa.aa1.WebTests.TestHomePage2" name="Test2" time="0.003"/>
  <testcase classname="aa.aa1.WebTests.TestHomePage2" name="TestGmailAboutPageHeader" time="17.783"/>
</testsuite> <!-- Chrome Browser -->
