<?xml version="1.0" encoding="UTF-8"?>
<!-- Generated by org.testng.reporters.JUnitXMLReporter -->
<testsuite ignored="0" hostname="LAPTOP-5FIV7N01" failures="0" tests="4" name="Edge Browser Tests" time="64.121" errors="0" timestamp="05 Aug 2024 07:54:40 GMT">
  <testcase classname="aa.aa1.WebTests.TestHomePage" name="navigatetoHomeLogtestinPage3" time="13.731"/>
  <testcase classname="aa.aa1.WebTests.TestHomePage" name="verifyHomePageElements" time="14.569"/>
  <testcase classname="aa.aa1.WebTests.TestHomePage2" name="Test2" time="0.003"/>
  <testcase classname="aa.aa1.WebTests.TestHomePage2" name="TestGmailAboutPageHeader" time="14.519"/>
</testsuite> <!-- Edge Browser Tests -->
