<?xml version="1.0" encoding="UTF-8"?>
<!-- Generated by org.testng.reporters.JUnitXMLReporter -->
<testsuite ignored="0" hostname="LAPTOP-5FIV7N01" failures="0" tests="4" name="Chrome Browser" time="29.748" errors="0" timestamp="22 Jul 2024 15:20:22 GMT">
  <testcase classname="aa.aa1.WebTests.TestHomePage" name="navigatetoHomeLogtestinPage" time="0.018"/>
  <testcase classname="aa.aa1.WebTests.TestHomePage" name="verifyHomePageElements" time="10.94"/>
  <testcase classname="aa.aa1.WebTests.TestHomePage2" name="TestGmailAboutPageHeader" time="0.21"/>
  <testcase classname="aa.aa1.WebTests.TestHomePage2" name="Test2" time="4.98"/>
</testsuite> <!-- Chrome Browser -->
