<?xml version="1.0" encoding="UTF-8"?>
<!-- Generated by org.testng.reporters.JUnitXMLReporter -->
<testsuite ignored="0" hostname="LAPTOP-5FIV7N01" failures="0" tests="4" name="Edge Browser" time="26.221" errors="0" timestamp="10 Jul 2024 13:45:23 GMT">
  <testcase classname="aa.aa1.Test2" name="f" time="7.036"/>
  <testcase classname="aa.aa1.Test2" name="g" time="6.709"/>
  <testcase classname="aa.aa1.Test2" name="h" time="5.113"/>
  <testcase classname="aa.aa1.Test2" name="i" time="7.35"/>
</testsuite> <!-- Edge Browser -->
