<?xml version="1.0" encoding="UTF-8"?>
<!-- Generated by org.testng.reporters.JUnitXMLReporter -->
<testsuite ignored="0" hostname="LAPTOP-5FIV7N01" failures="0" tests="4" name="Firefox Browser" time="23.893" errors="0" timestamp="10 Jul 2024 13:44:56 GMT">
  <testcase classname="aa.aa1.Test2" name="f" time="4.24"/>
  <testcase classname="aa.aa1.Test2" name="g" time="5.122"/>
  <testcase classname="aa.aa1.Test2" name="h" time="8.375"/>
  <testcase classname="aa.aa1.Test2" name="i" time="6.136"/>
</testsuite> <!-- Firefox Browser -->
